Array
(
)
Array
(
)
Array
(
)
Array
(
    [ddh] => 2019050522001494131032976185
    [money] => 1.00
    [name] => 
    [key] => 92e8e5f9d7a15777832c5f84b3fbc6d0
    [paytime] => 2019/5/5 17:30:34
    [lb] => 1
    [type] => 1
)
Array
(
)
Array
(
)
Array
(
    [ddh] => 2019050622001494131032945214
    [money] => 1.00
    [name] => 
    [key] => 92e8e5f9d7a15777832c5f84b3fbc6d0
    [paytime] => 2019/5/6 14:17:51
    [lb] => 1
    [type] => 1
)
Array
(
)
Array
(
)
Array
(
)
Array
(
    [ddh] => 2019050622001494131032831975
    [money] => 1.00
    [name] => 
    [key] => 92e8e5f9d7a15777832c5f84b3fbc6d0
    [paytime] => 2019/5/6 14:53:43
    [lb] => 1
    [type] => 1
)
Array
(
)
Array
(
    [ddh] => 20190506200040011100130051844149
    [money] => 1.00
    [name] => 
    [key] => 92e8e5f9d7a15777832c5f84b3fbc6d0
    [paytime] => 2019/5/6 15:02:03
    [lb] => 1
    [type] => 1
)
Array
(
    [ddh] => 20190506200040011100810058151770
    [money] => 1.00
    [name] => 
    [key] => 92e8e5f9d7a15777832c5f84b3fbc6d0
    [paytime] => 2019/5/6 16:04:57
    [lb] => 1
    [type] => 1
)
Array
(
    [ddh] => 20190506200040011100810058124019
    [money] => 1.00
    [name] => 
    [key] => 92e8e5f9d7a15777832c5f84b3fbc6d0
    [paytime] => 2019/5/6 16:09:57
    [lb] => 1
    [type] => 1
)
Array
(
    [ddh] => 20170301200040011100760021939020
    [money] => 0.01
    [name] => 888888
    [key] => 92e8e5f9d7a15777832c5f84b3fbc6d0
    [paytime] => 2019/5/6 16:17:20
    [lb] => 1
    [type] => 1
)
Array
(
    [ddh] => 20190506200040011100130051876967
    [money] => 1.00
    [name] => 
    [key] => 92e8e5f9d7a15777832c5f84b3fbc6d0
    [paytime] => 2019/5/6 16:21:29
    [lb] => 1
    [type] => 1
)
Array
(
    [ddh] => 20190506200040011100130051857848
    [money] => 2.00
    [name] => 
    [key] => 92e8e5f9d7a15777832c5f84b3fbc6d0
    [paytime] => 2019/5/6 16:35:10
    [lb] => 1
    [type] => 1
)
Array
(
    [ddh] => 20190507200040011100130052402628
    [money] => 1.00
    [name] => 15572070463104
    [key] => 92e8e5f9d7a15777832c5f84b3fbc6d0
    [paytime] => 2019-05-07 13:31:12
    [lb] => 1
    [type] => 1
)
Array
(
    [ddh] => 20190508200040011100620052973303
    [money] => 10.00
    [name] => 15573085637285
    [key] => 92e8e5f9d7a15777832c5f84b3fbc6d0
    [paytime] => 2019-05-08 17:43:25
    [lb] => 1
    [type] => 1
)
