Array
(
    [state] => 1
    [text] => Array
        (
            [money] => 1.00
            [alipayid] => 2088531051078884
            [data] => 15571081433126
        )

)
Array
(
    [state] => 1
    [text] => Array
        (
            [money] => 1.00
            [alipayid] => 2088531051078884
            [data] => 15571260882356
        )

)
Array
(
    [state] => 1
    [text] => Array
        (
            [money] => 1.00
            [alipayid] => 2088531051078884
            [data] => 15571260882356
        )

)
Array
(
    [state] => 1
    [text] => Array
        (
            [money] => 1.00
            [alipayid] => 2088531051078884
            [data] => 15571081433126
        )

)
appid=3114081111&data=15571295877571&money=1.00&atype=1&type=1&token=1e22f8be044d23e6effb1b08d9a9db46Array
(
    [state] => 1
    [text] => Array
        (
            [money] => 1.00
            [alipayid] => 2088531051078884
            [data] => 15571295877571
        )

)
appid=3114081111&data=15571301442493&money=1.00&atype=1&type=1&token=c0301a2c8da1c65801d22bb4d6982135Array
(
    [state] => 1
    [text] => Array
        (
            [money] => 1.00
            [alipayid] => 2088531051078884
            [data] => 15571301442493
        )

)
appid=3114081111&data=15571301442493&money=1.00&atype=1&type=1&token=c0301a2c8da1c65801d22bb4d6982135Array
(
    [state] => 1
    [text] => Array
        (
            [money] => 1.00
            [alipayid] => 2088531051078884
            [data] => 15571301442493
        )

)
appid=3114081111&data=15571308175950&money=1.00&atype=1&type=1&token=ddbdda27b5117dbf4b3b8ed020e29159Array
(
    [state] => 1
    [text] => Array
        (
            [money] => 1.00
            [alipayid] => 2088531051078884
            [data] => 15571308175950
        )

)
appid=3114081111&data=15571308175950&money=1.00&atype=1&type=1&token=ddbdda27b5117dbf4b3b8ed020e29159Array
(
    [state] => 1
    [text] => Array
        (
            [money] => 1.00
            [alipayid] => 2088531051078884
            [data] => 15571308175950
        )

)
appid=3114081111&data=15571316823092&money=2.00&atype=1&type=1&token=5c602b51f533d57d290376970291edc9Array
(
    [state] => 1
    [text] => Array
        (
            [money] => 2.00
            [alipayid] => 2088531051078884
            [data] => 15571316823092
        )

)
appid=3114081111&data=15571316823092&money=2.00&atype=1&type=1&token=5c602b51f533d57d290376970291edc9Array
(
    [state] => 1
    [text] => Array
        (
            [money] => 2.00
            [alipayid] => 2088531051078884
            [data] => 15571316823092
        )

)
appid=3114081111&data=15572070463104&money=1.00&atype=1&type=1&token=7af610fc290860bf1ad22996cbd2cff2appid=3114081111&data=15572070463104&money=1.00&atype=1&type=1&token=7af610fc290860bf1ad22996cbd2cff2Array
(
    [state] => 1
    [text] => Array
        (
            [money] => 1.00
            [alipayid] => 2088531051078884
            [data] => 15572070463104
        )

)
Array
(
    [state] => 1
    [text] => Array
        (
            [money] => 1.00
            [alipayid] => 2088531051078884
            [data] => 15572070463104
        )

)
appid=3114081111&data=15573053694466&money=100.00&atype=1&type=1&token=b30ab36e18f825913cc4d97f1645ae82Array
(
    [state] => 1
    [text] => Array
        (
            [money] => 100.00
            [alipayid] => 2088531051078884
            [data] => 15573053694466
        )

)
appid=3114081111&data=15573054701039&money=1000.00&atype=1&type=1&token=a543224bdcde47c7d4a0d79c3c6d9360Array
(
    [state] => 1
    [text] => Array
        (
            [money] => 1000.00
            [alipayid] => 2088531051078884
            [data] => 15573054701039
        )

)
appid=3114081111&data=15573085637285&money=10.00&atype=1&type=1&token=953a40313c7eee3b1510a571003024c0Array
(
    [state] => 1
    [text] => Array
        (
            [money] => 10.00
            [alipayid] => 2088531051078884
            [data] => 15573085637285
        )

)
appid=3114081111&data=15573085637285&money=10.00&atype=1&type=1&token=953a40313c7eee3b1510a571003024c0Array
(
    [state] => 1
    [text] => Array
        (
            [money] => 10.00
            [alipayid] => 2088531051078884
            [data] => 15573085637285
        )

)
appid=3114081111&data=15573139166405&money=1.00&atype=1&type=1&token=44ca8475551352c51100bd16245c8c20Array
(
    [state] => 1
    [text] => Array
        (
            [money] => 1.00
            [alipayid] => 2088531051078884
            [data] => 15573139166405
        )

)
appid=3114081111&data=15573139166405&money=1.00&atype=1&type=1&token=44ca8475551352c51100bd16245c8c20Array
(
    [state] => 1
    [text] => Array
        (
            [money] => 1.00
            [alipayid] => 2088531051078884
            [data] => 15573139166405
        )

)
appid=3114081111&data=15578220073376&money=1500.00&atype=1&type=1&token=d3c5a91dea8942c7ff28da11cb8aaa44appid=3114081111&data=15578220073376&money=1500.00&atype=1&type=1&token=d3c5a91dea8942c7ff28da11cb8aaa44Array
(
    [state] => 1
    [text] => Array
        (
            [money] => 1500.00
            [alipayid] => 2088531051078884
            [data] => 15578220073376
        )

)
Array
(
    [state] => 1
    [text] => Array
        (
            [money] => 1500.00
            [alipayid] => 2088531051078884
            [data] => 15578220073376
        )

)
appid=3114081111&data=15578738838280&money=3000.00&atype=1&type=1&token=ab793c870e770250a16990d6d65fa3aeappid=3114081111&data=15578738838280&money=3000.00&atype=1&type=1&token=ab793c870e770250a16990d6d65fa3aeArray
(
    [state] => 1
    [text] => Array
        (
            [money] => 3000.00
            [alipayid] => 2088531051078884
            [data] => 15578738838280
        )

)
Array
(
    [state] => 1
    [text] => Array
        (
            [money] => 3000.00
            [alipayid] => 2088531051078884
            [data] => 15578738838280
        )

)
appid=3114081111&data=15578739546868&money=3000.00&atype=1&type=1&token=ef243cf7cb7d55e060da4aa1985c0a5cArray
(
    [state] => 1
    [text] => Array
        (
            [money] => 3000.00
            [alipayid] => 2088531051078884
            [data] => 15578739546868
        )

)
appid=3114081111&data=15578738838280&money=3000.00&atype=1&type=1&token=ab793c870e770250a16990d6d65fa3aeArray
(
    [state] => 1
    [text] => Array
        (
            [money] => 3000.00
            [alipayid] => 2088531051078884
            [data] => 15578738838280
        )

)
appid=3114081111&data=15578220073376&money=1500.00&atype=1&type=1&token=d3c5a91dea8942c7ff28da11cb8aaa44appid=3114081111&data=15578220073376&money=1500.00&atype=1&type=1&token=d3c5a91dea8942c7ff28da11cb8aaa44Array
(
    [state] => 1
    [text] => Array
        (
            [money] => 1500.00
            [alipayid] => 2088531051078884
            [data] => 15578220073376
        )

)
Array
(
    [state] => 1
    [text] => Array
        (
            [money] => 1500.00
            [alipayid] => 2088531051078884
            [data] => 15578220073376
        )

)
appid=3114081111&data=15578220073376&money=1500.00&atype=1&type=1&token=d3c5a91dea8942c7ff28da11cb8aaa44Array
(
    [state] => 1
    [text] => Array
        (
            [money] => 1500.00
            [alipayid] => 2088531051078884
            [data] => 15578220073376
        )

)
appid=3114081111&data=15578220073376&money=1500.00&atype=1&type=1&token=d3c5a91dea8942c7ff28da11cb8aaa44Array
(
    [state] => 1
    [text] => Array
        (
            [money] => 1500.00
            [alipayid] => 2088531051078884
            [data] => 15578220073376
        )

)
