Array
(
    [0] => 
)
Array
(
    [0] => 
)
Array
(
    [0] => MCHNTORDERID=15555571775808
    [1] => SIGN=ec1e6c9e4b84ff2fcd0590ce8816f1ca
    [2] => MCHNTCD=0001000F2254929
    [3] => BANKCARD=6217002340022586640
    [4] => VERSION=2.0
    [5] => RESPONSECODE=55AC
    [6] => ORDERID=002014720970
    [7] => RESPONSEMSG=%E8%AF%B7%E4%BB%8E%E6%89%8B%E6%9C%BA%E7%AB%AF%E8%BF%9B%E8%A1%8C%E6%94%AF%E4%BB%98
    [8] => AMT=100
    [9] => TYPE=10
)
Array
(
    [0] => MCHNTORDERID=15555573273444
    [1] => SIGN=b47b0c388a8c0b9a66fdae6b0b00da00
    [2] => MCHNTCD=0001000F2254929
    [3] => BANKCARD=6217002340022586640
    [4] => VERSION=2.0
    [5] => RESPONSECODE=0000
    [6] => ORDERID=002014725444
    [7] => RESPONSEMSG=%E6%88%90%E5%8A%9F
    [8] => AMT=100
    [9] => TYPE=10
)
MCHNTORDERID=15555719539075&SIGN=09cc9597f7a250b14e18aa6ef977c31b&MCHNTCD=0001000F2254929&BANKCARD=6217002340022586640&VERSION=2.0&RESPONSECODE=0000&ORDERID=002015132493&RESPONSEMSG=%E6%88%90%E5%8A%9F&AMT=100&TYPE=10MCHNTORDERID=15555719539075&SIGN=09cc9597f7a250b14e18aa6ef977c31b&MCHNTCD=0001000F2254929&BANKCARD=6217002340022586640&VERSION=2.0&RESPONSECODE=0000&ORDERID=002015132493&RESPONSEMSG=%E6%88%90%E5%8A%9F&AMT=100&TYPE=10MCHNTORDERID=15555720286140&SIGN=43fb45e9094f66ff106c82def7a609a0&MCHNTCD=0001000F2254929&BANKCARD=6217002340022586640&VERSION=2.0&RESPONSECODE=0000&ORDERID=002015134417&RESPONSEMSG=%E6%88%90%E5%8A%9F&AMT=100&TYPE=10MCHNTORDERID=15555720286140&SIGN=43fb45e9094f66ff106c82def7a609a0&MCHNTCD=0001000F2254929&BANKCARD=6217002340022586640&VERSION=2.0&RESPONSECODE=0000&ORDERID=002015134417&RESPONSEMSG=%E6%88%90%E5%8A%9F&AMT=100&TYPE=10MCHNTORDERID=15555726569699&SIGN=18a82b9de6892f4f923aeaaae69e9a9c&MCHNTCD=0001000F2254929&BANKCARD=6217002340022586640&VERSION=2.0&RESPONSECODE=0000&ORDERID=002015151144&RESPONSEMSG=%E6%88%90%E5%8A%9F&AMT=100&TYPE=10MCHNTORDERID=15555728891425&SIGN=da4e33ba8e4f1b2ff4e00a63999cc3f0&MCHNTCD=0001000F2254929&BANKCARD=6222081606000979625&VERSION=2.0&RESPONSECODE=100017&ORDERID=002015157400&RESPONSEMSG=%E4%BD%99%E9%A2%9D%E4%B8%8D%E8%B6%B3+%7C+%E5%8D%A1%E4%B8%8A%E7%9A%84%E4%BD%99%E9%A2%9D%E4%B8%8D%E8%B6%B3%5B1000051%5D&AMT=10000&TYPE=10MCHNTORDERID=15555741859483&SIGN=5a32dbbd5579ba1444617bb49135b8e4&MCHNTCD=0001000F2254929&BANKCARD=6236682340009339119&VERSION=2.0&RESPONSECODE=0000&ORDERID=002015193841&RESPONSEMSG=%E6%88%90%E5%8A%9F&AMT=10000&TYPE=10MCHNTORDERID=15565937231123&SIGN=0d7e8313e51c3f9aced0c2d7ceb211cc&MCHNTCD=0001000F2254929&BANKCARD=6236682340009339119&VERSION=2.0&RESPONSECODE=0000&ORDERID=002034795473&RESPONSEMSG=%E6%88%90%E5%8A%9F&AMT=1000&TYPE=10